This is LuaTeX, Version beta-0.76.0-2013121407 (rev 4627)  (format=lualatex 2014.3.14)  27 APR 2014 20:41
 restricted \write18 enabled.
**schematic.
(/usr/share/texlive/texmf-dist/tex/latex/tools/q.tex
LaTeX2e <2011/06/27>
Babel <3.9h> and hyphenation patterns for 78 languages loaded.
File ignored
)
! Emergency stop.
<*> schematic.
           
*** (job aborted, no legal \end found)



Here is how much of LuaTeX's memory you used:
 9 strings out of 493803
 100000,552014 words of node,token memory allocated 188 words of node memory still in use:
   31 glue_spec, 1 dir nodes
   avail lists: 2:12,3:1
 3930 multiletter control sequences out of 65536+600000
 14 fonts using 563007 bytes
 5i,0n,1p,89b,8s stack positions out of 5000i,500n,10000p,200000b,100000s
!  ==> Fatal error occurred, no output PDF file produced!
